<?xml version="1.0" encoding="UTF-8"?>
<!-- Generated by org.testng.reporters.JUnitXMLReporter -->
<testsuite ignored="0" hostname="WDSLT190" failures="1" tests="27" name="Default test" time="27.856" errors="0" timestamp="2025-12-11T16:02:43 EST">
  <testcase classname="com.api.tests.AuthAPITests" name="authTests" time="3.468"/>
  <testcase classname="com.api.tests.AuthAPITests" name="authTests" time="0.37"/>
  <testcase classname="com.api.tests.AuthAPITests" name="authTests" time="0.291"/>
  <testcase classname="test.testCases.ProductsPageTests" name="verifyAddItemUpdatesCart" time="1.689"/>
  <testcase classname="test.testCases.ProductsPageTests" name="verifyItemVisibleInCart" time="1.975">
    <failure type="java.lang.AssertionError" message="Cart does not contain the item previously added expected [true] but found [false]">
      <![CDATA[java.lang.AssertionError: Cart does not contain the item previously added expected [true] but found [false]
at org.testng.Assert.fail(Assert.java:111)
at org.testng.Assert.failNotEquals(Assert.java:1578)
at org.testng.Assert.assertTrue(Assert.java:57)
at test.testCases.ProductsPageTests.verifyItemVisibleInCart(ProductsPageTests.java:52)
at java.base/jdk.internal.reflect.DirectMethodHandleAccessor.invoke(DirectMethodHandleAccessor.java:103)
at java.base/java.lang.reflect.Method.invoke(Method.java:580)
at org.testng.internal.invokers.MethodInvocationHelper.invokeMethod(MethodInvocationHelper.java:139)
at org.testng.internal.invokers.TestInvoker.invokeMethod(TestInvoker.java:664)
at org.testng.internal.invokers.TestInvoker.invokeTestMethod(TestInvoker.java:228)
at org.testng.internal.invokers.MethodRunner.runInSequence(MethodRunner.java:63)
at org.testng.internal.invokers.TestInvoker$MethodInvocationAgent.invoke(TestInvoker.java:961)
at org.testng.internal.invokers.TestInvoker.invokeTestMethods(TestInvoker.java:201)
at org.testng.internal.invokers.TestMethodWorker.invokeTestMethods(TestMethodWorker.java:148)
at org.testng.internal.invokers.TestMethodWorker.run(TestMethodWorker.java:128)
at java.base/java.util.ArrayList.forEach(ArrayList.java:1597)
at org.testng.TestRunner.privateRun(TestRunner.java:819)
at org.testng.TestRunner.run(TestRunner.java:619)
at org.testng.SuiteRunner.runTest(SuiteRunner.java:443)
at org.testng.SuiteRunner.runSequentially(SuiteRunner.java:437)
at org.testng.SuiteRunner.privateRun(SuiteRunner.java:397)
at org.testng.SuiteRunner.run(SuiteRunner.java:336)
at org.testng.SuiteRunnerWorker.runSuite(SuiteRunnerWorker.java:52)
at org.testng.SuiteRunnerWorker.run(SuiteRunnerWorker.java:95)
at org.testng.TestNG.runSuitesSequentially(TestNG.java:1301)
at org.testng.TestNG.runSuitesLocally(TestNG.java:1228)
at org.testng.TestNG.runSuites(TestNG.java:1134)
at org.testng.TestNG.run(TestNG.java:1101)
at org.testng.remote.AbstractRemoteTestNG.run(AbstractRemoteTestNG.java:115)
at org.testng.remote.RemoteTestNG.initAndRun(RemoteTestNG.java:293)
at org.testng.remote.RemoteTestNG.main(RemoteTestNG.java:91)
]]>
    </failure>
  </testcase> <!-- verifyItemVisibleInCart -->
  <testcase classname="test.testCases.ProductsPageTests" name="verifyProductsAreDisplayed" time="1.64"/>
  <testcase classname="com.api.tests.BookingAPITests" name="API_004_CreateBooking_Valid" time="0.837"/>
  <testcase classname="com.api.tests.BookingAPITests" name="API_004_CreateBooking_Valid" time="0.001"/>
  <testcase classname="com.api.tests.BookingAPITests" name="API_004_CreateBooking_Valid" time="0.001"/>
  <testcase classname="com.api.tests.BookingAPITests" name="API_005_CreateBooking_MissingField" time="0.001"/>
  <testcase classname="com.api.tests.BookingAPITests" name="API_005_CreateBooking_MissingField" time="0.264"/>
  <testcase classname="com.api.tests.BookingAPITests" name="API_005_CreateBooking_MissingField" time="0.001"/>
  <testcase classname="com.api.tests.BookingAPITests" name="API_006_CreateBooking_LongName" time="0.002"/>
  <testcase classname="com.api.tests.BookingAPITests" name="API_006_CreateBooking_LongName" time="0.001"/>
  <testcase classname="com.api.tests.BookingAPITests" name="API_006_CreateBooking_LongName" time="0.278"/>
  <testcase classname="com.api.tests.BookingAPITests" name="API_007_GetBooking_Valid" time="0.309"/>
  <testcase classname="com.api.tests.BookingAPITests" name="API_007_GetBooking_Valid" time="0.002"/>
  <testcase classname="com.api.tests.BookingAPITests" name="API_007_GetBooking_Valid" time="0.002"/>
  <testcase classname="com.api.tests.BookingAPITests" name="API_008_GetBooking_Invalid" time="0.002"/>
  <testcase classname="com.api.tests.BookingAPITests" name="API_008_GetBooking_Invalid" time="0.271"/>
  <testcase classname="com.api.tests.BookingAPITests" name="API_008_GetBooking_Invalid" time="0.001"/>
  <testcase classname="com.api.tests.BookingAPITests" name="API_009_GetBooking_NonNumeric" time="0.001"/>
  <testcase classname="com.api.tests.BookingAPITests" name="API_009_GetBooking_NonNumeric" time="0.001"/>
  <testcase classname="com.api.tests.BookingAPITests" name="API_009_GetBooking_NonNumeric" time="0.264"/>
  <testcase classname="test.testCases.LoginTests" name="blankCredentialsTest" time="0.92"/>
  <testcase classname="test.testCases.LoginTests" name="invalidPasswordTest" time="1.123"/>
  <testcase classname="test.testCases.LoginTests" name="validLogin" time="1.299"/>
</testsuite> <!-- Default test -->
