<html>
<head>
<title>TestNG:  Default test</title>
<link href="../testng.css" rel="stylesheet" type="text/css" />
<link href="../my-testng.css" rel="stylesheet" type="text/css" />

<style type="text/css">
.log { display: none;} 
.stack-trace { display: none;} 
</style>
<script type="text/javascript">
<!--
function flip(e) {
  current = e.style.display;
  if (current == 'block') {
    e.style.display = 'none';
    return 0;
  }
  else {
    e.style.display = 'block';
    return 1;
  }
}

function toggleBox(szDivId, elem, msg1, msg2)
{
  var res = -1;  if (document.getElementById) {
    res = flip(document.getElementById(szDivId));
  }
  else if (document.all) {
    // this is the way old msie versions work
    res = flip(document.all[szDivId]);
  }
  if(elem) {
    if(res == 0) elem.innerHTML = msg1; else elem.innerHTML = msg2;
  }

}

function toggleAllBoxes() {
  if (document.getElementsByTagName) {
    d = document.getElementsByTagName('div');
    for (i = 0; i < d.length; i++) {
      if (d[i].className == 'log') {
        flip(d[i]);
      }
    }
  }
}

// -->
</script>

</head>
<body>
<h2 align='center'>Default test</h2><table border='1' align="center">
<tr>
<td>Tests passed/Failed/Skipped:</td><td>26/1/0</td>
</tr><tr>
<td>Started on:</td><td>Thu Dec 11 16:02:16 EST 2025</td>
</tr>
<tr><td>Total time:</td><td>27 seconds (27856 ms)</td>
</tr><tr>
<td>Included groups:</td><td></td>
</tr><tr>
<td>Excluded groups:</td><td></td>
</tr>
</table><p/>
<small><i>(Hover the method name to see the test class name)</i></small><p/>
<table width='100%' border='1' class='invocation-failed'>
<tr><td colspan='4' align='center'><b>FAILED TESTS</b></td></tr>
<tr><td><b>Test method</b></td>
<td><b>Attribute(s)</b></td>
<td width="30%"><b>Exception</b></td>
<td width="10%"><b>Time (seconds)</b></td>
<td><b>Instance</b></td>
</tr>
<tr>
<td title='test.testCases.ProductsPageTests.verifyItemVisibleInCart()'><b>verifyItemVisibleInCart</b><br>Test class: test.testCases.ProductsPageTests<br>Test method: UI-006: Added item appears in cart list</td>
<td><div><pre>java.lang.AssertionError: Cart does not contain the item previously added expected [true] but found [false]
	at org.testng.Assert.fail(Assert.java:111)
	at org.testng.Assert.failNotEquals(Assert.java:1578)
	at org.testng.Assert.assertTrue(Assert.java:57)
	at test.testCases.ProductsPageTests.verifyItemVisibleInCart(ProductsPageTests.java:52)
	at java.base/jdk.internal.reflect.DirectMethodHandleAccessor.invoke(DirectMethodHandleAccessor.java:103)
	at java.base/java.lang.reflect.Method.invoke(Method.java:580)
	at org.testng.internal.invokers.MethodInvocationHelper.invokeMethod(MethodInvocationHelper.java:139)
	at org.testng.internal.invokers.TestInvoker.invokeMethod(TestInvoker.java:664)
	at org.testng.internal.invokers.TestInvoker.invokeTestMethod(TestInvoker.java:228)
	at org.testng.internal.invokers.MethodRunner.runInSequence(MethodRunner.java:63)
	at org.testng.internal.invokers.TestInvoker$MethodInvocationAgent.invoke(TestInvoker.java:961)
	at org.testng.internal.invokers.TestInvoker.invokeTestMethods(TestInvoker.java:201)
	at org.testng.internal.invokers.TestMethodWorker.invokeTestMethods(TestMethodWorker.java:148)
	at org.testng.internal.invokers.TestMethodWorker.run(TestMethodWorker.java:128)
	at java.base/java.util.ArrayList.forEach(ArrayList.java:1597)
	at org.testng.TestRunner.privateRun(TestRunner.java:819)
	at org.testng.TestRunner.run(TestRunner.java:619)
	at org.testng.SuiteRunner.runTest(SuiteRunner.java:443)
	at org.testng.SuiteRunner.runSequentially(SuiteRunner.java:437)
	at org.testng.SuiteRunner.privateRun(SuiteRunner.java:397)
	at org.testng.SuiteRunner.run(SuiteRunner.java:336)
	at org.testng.SuiteRunnerWorker.runSuite(SuiteRunnerWorker.java:52)
	at org.testng.SuiteRunnerWorker.run(SuiteRunnerWorker.java:95)
	at org.testng.TestNG.runSuitesSequentially(TestNG.java:1301)
	at org.testng.TestNG.runSuitesLocally(TestNG.java:1228)
	at org.testng.TestNG.runSuites(TestNG.java:1134)
	at org.testng.TestNG.run(TestNG.java:1101)
	at org.testng.remote.AbstractRemoteTestNG.run(AbstractRemoteTestNG.java:115)
	at org.testng.remote.RemoteTestNG.initAndRun(RemoteTestNG.java:293)
	at org.testng.remote.RemoteTestNG.main(RemoteTestNG.java:91)
</pre></div><a href='#' onClick='toggleBox("stack-trace2012231958", this, "Click to show all stack frames", "Click to hide stack frames")'>Click to show all stack frames</a>
<div class='stack-trace' id='stack-trace2012231958'><pre>java.lang.AssertionError: Cart does not contain the item previously added expected [true] but found [false]
	at org.testng.Assert.fail(Assert.java:111)
	at org.testng.Assert.failNotEquals(Assert.java:1578)
	at org.testng.Assert.assertTrue(Assert.java:57)
	at test.testCases.ProductsPageTests.verifyItemVisibleInCart(ProductsPageTests.java:52)
	at java.base/jdk.internal.reflect.DirectMethodHandleAccessor.invoke(DirectMethodHandleAccessor.java:103)
	at java.base/java.lang.reflect.Method.invoke(Method.java:580)
	at org.testng.internal.invokers.MethodInvocationHelper.invokeMethod(MethodInvocationHelper.java:139)
	at org.testng.internal.invokers.TestInvoker.invokeMethod(TestInvoker.java:664)
	at org.testng.internal.invokers.TestInvoker.invokeTestMethod(TestInvoker.java:228)
	at org.testng.internal.invokers.MethodRunner.runInSequence(MethodRunner.java:63)
	at org.testng.internal.invokers.TestInvoker$MethodInvocationAgent.invoke(TestInvoker.java:961)
	at org.testng.internal.invokers.TestInvoker.invokeTestMethods(TestInvoker.java:201)
	at org.testng.internal.invokers.TestMethodWorker.invokeTestMethods(TestMethodWorker.java:148)
	at org.testng.internal.invokers.TestMethodWorker.run(TestMethodWorker.java:128)
	at java.base/java.util.ArrayList.forEach(ArrayList.java:1597)
	at org.testng.TestRunner.privateRun(TestRunner.java:819)
	at org.testng.TestRunner.run(TestRunner.java:619)
	at org.testng.SuiteRunner.runTest(SuiteRunner.java:443)
	at org.testng.SuiteRunner.runSequentially(SuiteRunner.java:437)
	at org.testng.SuiteRunner.privateRun(SuiteRunner.java:397)
	at org.testng.SuiteRunner.run(SuiteRunner.java:336)
	at org.testng.SuiteRunnerWorker.runSuite(SuiteRunnerWorker.java:52)
	at org.testng.SuiteRunnerWorker.run(SuiteRunnerWorker.java:95)
	at org.testng.TestNG.runSuitesSequentially(TestNG.java:1301)
	at org.testng.TestNG.runSuitesLocally(TestNG.java:1228)
	at org.testng.TestNG.runSuites(TestNG.java:1134)
	at org.testng.TestNG.run(TestNG.java:1101)
	at org.testng.remote.AbstractRemoteTestNG.run(AbstractRemoteTestNG.java:115)
	at org.testng.remote.RemoteTestNG.initAndRun(RemoteTestNG.java:293)
	at org.testng.remote.RemoteTestNG.main(RemoteTestNG.java:91)
</pre></div></td>
<td>1</td>
<td>test.testCases.ProductsPageTests@1e044120</td></tr>
</table><p>
<table width='100%' border='1' class='invocation-passed'>
<tr><td colspan='4' align='center'><b>PASSED TESTS</b></td></tr>
<tr><td><b>Test method</b></td>
<td><b>Attribute(s)</b></td>
<td width="30%"><b>Exception</b></td>
<td width="10%"><b>Time (seconds)</b></td>
<td><b>Instance</b></td>
</tr>
<tr>
<td title='test.testCases.ProductsPageTests.verifyProductsAreDisplayed()'><b>verifyProductsAreDisplayed</b><br>Test class: test.testCases.ProductsPageTests<br>Test method: UI-004: Verify products list is visible after login</td>
<td></td>
<td>1</td>
<td>test.testCases.ProductsPageTests@1e044120</td></tr>
<tr>
<td title='com.api.tests.BookingAPITests.API_005_CreateBooking_MissingField()'><b>API_005_CreateBooking_MissingField</b><br>Test class: com.api.tests.BookingAPITests<br>Test method: API-005: POST /booking – Negative – Missing required entry<br>Parameters: {"firstname":"John","additionalneeds":"Breakfast","bookingdates":{"checkin":"2023-01-01","checkout":"2023-01-10"},"totalprice":150,"depositpaid":true,"type":"create_valid","lastname":"Doe"}</td>
<td></td>
<td>0</td>
<td>com.api.tests.BookingAPITests@2cf23c81</td></tr>
<tr>
<td title='com.api.tests.AuthAPITests.authTests()'><b>authTests</b><br>Test class: com.api.tests.AuthAPITests<br>Parameters: {"password":"","type":"empty","username":""}</td>
<td></td>
<td>0</td>
<td>com.api.tests.AuthAPITests@5f3b9c57</td></tr>
<tr>
<td title='com.api.tests.BookingAPITests.API_006_CreateBooking_LongName()'><b>API_006_CreateBooking_LongName</b><br>Test class: com.api.tests.BookingAPITests<br>Test method: API-006: POST /booking – Boundary – Long firstname string<br>Parameters: {"additionalneeds":"Lunch","bookingdates":{"checkin":"2023-02-01","checkout":"2023-02-05"},"totalprice":200,"depositpaid":false,"type":"create_missing_firstname","lastname":"Mills"}</td>
<td></td>
<td>0</td>
<td>com.api.tests.BookingAPITests@2cf23c81</td></tr>
<tr>
<td title='com.api.tests.BookingAPITests.API_006_CreateBooking_LongName()'><b>API_006_CreateBooking_LongName</b><br>Test class: com.api.tests.BookingAPITests<br>Test method: API-006: POST /booking – Boundary – Long firstname string<br>Parameters: {"firstname":"AAAAAAAAAAAAAAAAAAAAAAAAAAAAAAAAAAAAAAAAAAAAAAAAAAAAAAAAAAAAAAAAAAAAAAAAAAAAAAAAAAAAAAAAAAAAAAAAAAAAAAAAAAAAAAAAAAAAAAAAAAAAAAAAAAAAAAAAAA","additionalneeds":"Dinner","bookingdates":{"checkin":"2023-03-01","checkout":"2023-03-10"},"totalprice":300,"depositpaid":true,"type":"create_long_firstname","lastname":"Smith"}</td>
<td></td>
<td>0</td>
<td>com.api.tests.BookingAPITests@2cf23c81</td></tr>
<tr>
<td title='com.api.tests.BookingAPITests.API_009_GetBooking_NonNumeric()'><b>API_009_GetBooking_NonNumeric</b><br>Test class: com.api.tests.BookingAPITests<br>Test method: API-009: GET /booking/{id} – Boundary – Non-numeric ID<br>Parameters: {"type":"get_valid"}</td>
<td></td>
<td>0</td>
<td>com.api.tests.BookingAPITests@2cf23c81</td></tr>
<tr>
<td title='com.api.tests.BookingAPITests.API_005_CreateBooking_MissingField()'><b>API_005_CreateBooking_MissingField</b><br>Test class: com.api.tests.BookingAPITests<br>Test method: API-005: POST /booking – Negative – Missing required entry<br>Parameters: {"additionalneeds":"Lunch","bookingdates":{"checkin":"2023-02-01","checkout":"2023-02-05"},"totalprice":200,"depositpaid":false,"type":"create_missing_firstname","lastname":"Mills"}</td>
<td></td>
<td>0</td>
<td>com.api.tests.BookingAPITests@2cf23c81</td></tr>
<tr>
<td title='com.api.tests.BookingAPITests.API_008_GetBooking_Invalid()'><b>API_008_GetBooking_Invalid</b><br>Test class: com.api.tests.BookingAPITests<br>Test method: API-008: GET /booking/{id} – Negative – Invalid booking ID<br>Parameters: {"type":"get_invalid","bookingid":999999}</td>
<td></td>
<td>0</td>
<td>com.api.tests.BookingAPITests@2cf23c81</td></tr>
<tr>
<td title='test.testCases.ProductsPageTests.verifyAddItemUpdatesCart()'><b>verifyAddItemUpdatesCart</b><br>Test class: test.testCases.ProductsPageTests<br>Test method: UI-005: Add item increments cart</td>
<td></td>
<td>1</td>
<td>test.testCases.ProductsPageTests@1e044120</td></tr>
<tr>
<td title='com.api.tests.BookingAPITests.API_004_CreateBooking_Valid()'><b>API_004_CreateBooking_Valid</b><br>Test class: com.api.tests.BookingAPITests<br>Test method: API-004: POST /booking – Positive – Create a booking with full valid body<br>Parameters: {"firstname":"John","additionalneeds":"Breakfast","bookingdates":{"checkin":"2023-01-01","checkout":"2023-01-10"},"totalprice":150,"depositpaid":true,"type":"create_valid","lastname":"Doe"}</td>
<td></td>
<td>0</td>
<td>com.api.tests.BookingAPITests@2cf23c81</td></tr>
<tr>
<td title='com.api.tests.BookingAPITests.API_006_CreateBooking_LongName()'><b>API_006_CreateBooking_LongName</b><br>Test class: com.api.tests.BookingAPITests<br>Test method: API-006: POST /booking – Boundary – Long firstname string<br>Parameters: {"firstname":"John","additionalneeds":"Breakfast","bookingdates":{"checkin":"2023-01-01","checkout":"2023-01-10"},"totalprice":150,"depositpaid":true,"type":"create_valid","lastname":"Doe"}</td>
<td></td>
<td>0</td>
<td>com.api.tests.BookingAPITests@2cf23c81</td></tr>
<tr>
<td title='com.api.tests.BookingAPITests.API_008_GetBooking_Invalid()'><b>API_008_GetBooking_Invalid</b><br>Test class: com.api.tests.BookingAPITests<br>Test method: API-008: GET /booking/{id} – Negative – Invalid booking ID<br>Parameters: {"type":"get_non_numeric","bookingid":"xyz"}</td>
<td></td>
<td>0</td>
<td>com.api.tests.BookingAPITests@2cf23c81</td></tr>
<tr>
<td title='test.testCases.LoginTests.validLogin()'><b>validLogin</b><br>Test class: test.testCases.LoginTests<br>Test method: UI-001: Valid user logs in successfully</td>
<td></td>
<td>1</td>
<td>test.testCases.LoginTests@3624da92</td></tr>
<tr>
<td title='com.api.tests.BookingAPITests.API_007_GetBooking_Valid()'><b>API_007_GetBooking_Valid</b><br>Test class: com.api.tests.BookingAPITests<br>Test method: API-007: GET /booking/{id} – Positive – Retrieve a valid booking<br>Parameters: {"type":"get_invalid","bookingid":999999}</td>
<td></td>
<td>0</td>
<td>com.api.tests.BookingAPITests@2cf23c81</td></tr>
<tr>
<td title='com.api.tests.BookingAPITests.API_007_GetBooking_Valid()'><b>API_007_GetBooking_Valid</b><br>Test class: com.api.tests.BookingAPITests<br>Test method: API-007: GET /booking/{id} – Positive – Retrieve a valid booking<br>Parameters: {"type":"get_non_numeric","bookingid":"xyz"}</td>
<td></td>
<td>0</td>
<td>com.api.tests.BookingAPITests@2cf23c81</td></tr>
<tr>
<td title='com.api.tests.BookingAPITests.API_004_CreateBooking_Valid()'><b>API_004_CreateBooking_Valid</b><br>Test class: com.api.tests.BookingAPITests<br>Test method: API-004: POST /booking – Positive – Create a booking with full valid body<br>Parameters: {"firstname":"AAAAAAAAAAAAAAAAAAAAAAAAAAAAAAAAAAAAAAAAAAAAAAAAAAAAAAAAAAAAAAAAAAAAAAAAAAAAAAAAAAAAAAAAAAAAAAAAAAAAAAAAAAAAAAAAAAAAAAAAAAAAAAAAAAAAAAAAAA","additionalneeds":"Dinner","bookingdates":{"checkin":"2023-03-01","checkout":"2023-03-10"},"totalprice":300,"depositpaid":true,"type":"create_long_firstname","lastname":"Smith"}</td>
<td></td>
<td>0</td>
<td>com.api.tests.BookingAPITests@2cf23c81</td></tr>
<tr>
<td title='com.api.tests.BookingAPITests.API_004_CreateBooking_Valid()'><b>API_004_CreateBooking_Valid</b><br>Test class: com.api.tests.BookingAPITests<br>Test method: API-004: POST /booking – Positive – Create a booking with full valid body<br>Parameters: {"additionalneeds":"Lunch","bookingdates":{"checkin":"2023-02-01","checkout":"2023-02-05"},"totalprice":200,"depositpaid":false,"type":"create_missing_firstname","lastname":"Mills"}</td>
<td></td>
<td>0</td>
<td>com.api.tests.BookingAPITests@2cf23c81</td></tr>
<tr>
<td title='com.api.tests.BookingAPITests.API_005_CreateBooking_MissingField()'><b>API_005_CreateBooking_MissingField</b><br>Test class: com.api.tests.BookingAPITests<br>Test method: API-005: POST /booking – Negative – Missing required entry<br>Parameters: {"firstname":"AAAAAAAAAAAAAAAAAAAAAAAAAAAAAAAAAAAAAAAAAAAAAAAAAAAAAAAAAAAAAAAAAAAAAAAAAAAAAAAAAAAAAAAAAAAAAAAAAAAAAAAAAAAAAAAAAAAAAAAAAAAAAAAAAAAAAAAAAA","additionalneeds":"Dinner","bookingdates":{"checkin":"2023-03-01","checkout":"2023-03-10"},"totalprice":300,"depositpaid":true,"type":"create_long_firstname","lastname":"Smith"}</td>
<td></td>
<td>0</td>
<td>com.api.tests.BookingAPITests@2cf23c81</td></tr>
<tr>
<td title='com.api.tests.AuthAPITests.authTests()'><b>authTests</b><br>Test class: com.api.tests.AuthAPITests<br>Parameters: {"password":"password123","type":"valid","username":"admin"}</td>
<td></td>
<td>3</td>
<td>com.api.tests.AuthAPITests@5f3b9c57</td></tr>
<tr>
<td title='test.testCases.LoginTests.blankCredentialsTest()'><b>blankCredentialsTest</b><br>Test class: test.testCases.LoginTests<br>Test method: UI-003: Blank credentials produce error message</td>
<td></td>
<td>0</td>
<td>test.testCases.LoginTests@3624da92</td></tr>
<tr>
<td title='test.testCases.LoginTests.invalidPasswordTest()'><b>invalidPasswordTest</b><br>Test class: test.testCases.LoginTests<br>Test method: UI-002: Incorrect password displays error</td>
<td></td>
<td>1</td>
<td>test.testCases.LoginTests@3624da92</td></tr>
<tr>
<td title='com.api.tests.BookingAPITests.API_008_GetBooking_Invalid()'><b>API_008_GetBooking_Invalid</b><br>Test class: com.api.tests.BookingAPITests<br>Test method: API-008: GET /booking/{id} – Negative – Invalid booking ID<br>Parameters: {"type":"get_valid"}</td>
<td></td>
<td>0</td>
<td>com.api.tests.BookingAPITests@2cf23c81</td></tr>
<tr>
<td title='com.api.tests.BookingAPITests.API_009_GetBooking_NonNumeric()'><b>API_009_GetBooking_NonNumeric</b><br>Test class: com.api.tests.BookingAPITests<br>Test method: API-009: GET /booking/{id} – Boundary – Non-numeric ID<br>Parameters: {"type":"get_invalid","bookingid":999999}</td>
<td></td>
<td>0</td>
<td>com.api.tests.BookingAPITests@2cf23c81</td></tr>
<tr>
<td title='com.api.tests.BookingAPITests.API_009_GetBooking_NonNumeric()'><b>API_009_GetBooking_NonNumeric</b><br>Test class: com.api.tests.BookingAPITests<br>Test method: API-009: GET /booking/{id} – Boundary – Non-numeric ID<br>Parameters: {"type":"get_non_numeric","bookingid":"xyz"}</td>
<td></td>
<td>0</td>
<td>com.api.tests.BookingAPITests@2cf23c81</td></tr>
<tr>
<td title='com.api.tests.AuthAPITests.authTests()'><b>authTests</b><br>Test class: com.api.tests.AuthAPITests<br>Parameters: {"password":"wrongPassword123","type":"invalid","username":"admin"}</td>
<td></td>
<td>0</td>
<td>com.api.tests.AuthAPITests@5f3b9c57</td></tr>
<tr>
<td title='com.api.tests.BookingAPITests.API_007_GetBooking_Valid()'><b>API_007_GetBooking_Valid</b><br>Test class: com.api.tests.BookingAPITests<br>Test method: API-007: GET /booking/{id} – Positive – Retrieve a valid booking<br>Parameters: {"type":"get_valid"}</td>
<td></td>
<td>0</td>
<td>com.api.tests.BookingAPITests@2cf23c81</td></tr>
</table><p>
</body>
</html>