<?xml version="1.0" encoding="UTF-8"?>
<!-- Generated by org.testng.reporters.JUnitReportReporter -->
<testsuite hostname="WDSLT190" failures="0" tests="3" name="test.testCases.LoginTests" time="8.654" errors="0" timestamp="2025-12-11T16:02:44 EST" skipped="0">
  <testcase classname="test.testCases.LoginTests" name="blankCredentialsTest" time="2.672"/>
  <testcase classname="test.testCases.LoginTests" name="invalidPasswordTest" time="2.867"/>
  <testcase classname="test.testCases.LoginTests" name="validLogin" time="3.115"/>
</testsuite> <!-- test.testCases.LoginTests -->
