<?xml version="1.0" encoding="UTF-8"?>
<!-- Generated by org.testng.reporters.JUnitReportReporter -->
<testsuite hostname="WDSLT190" failures="0" tests="3" name="com.api.tests.AuthAPITests" time="4.129" errors="0" timestamp="2025-12-11T16:02:44 EST" skipped="0">
  <testcase classname="com.api.tests.AuthAPITests" name="authTests" time="3.468"/>
  <testcase classname="com.api.tests.AuthAPITests" name="authTests" time="0.291"/>
  <testcase classname="com.api.tests.AuthAPITests" name="authTests" time="0.370"/>
</testsuite> <!-- com.api.tests.AuthAPITests -->
