<?xml version="1.0" encoding="UTF-8"?>
<!-- Generated by org.testng.reporters.JUnitReportReporter -->
<testsuite hostname="WDSLT190" failures="0" tests="18" name="com.api.tests.BookingAPITests" time="2.239" errors="0" timestamp="2025-12-11T16:02:44 EST" skipped="0">
  <testcase classname="com.api.tests.BookingAPITests" name="API_004_CreateBooking_Valid" time="0.837"/>
  <testcase classname="com.api.tests.BookingAPITests" name="API_004_CreateBooking_Valid" time="0.001"/>
  <testcase classname="com.api.tests.BookingAPITests" name="API_004_CreateBooking_Valid" time="0.001"/>
  <testcase classname="com.api.tests.BookingAPITests" name="API_005_CreateBooking_MissingField" time="0.001"/>
  <testcase classname="com.api.tests.BookingAPITests" name="API_005_CreateBooking_MissingField" time="0.264"/>
  <testcase classname="com.api.tests.BookingAPITests" name="API_005_CreateBooking_MissingField" time="0.001"/>
  <testcase classname="com.api.tests.BookingAPITests" name="API_006_CreateBooking_LongName" time="0.002"/>
  <testcase classname="com.api.tests.BookingAPITests" name="API_006_CreateBooking_LongName" time="0.001"/>
  <testcase classname="com.api.tests.BookingAPITests" name="API_006_CreateBooking_LongName" time="0.278"/>
  <testcase classname="com.api.tests.BookingAPITests" name="API_007_GetBooking_Valid" time="0.002"/>
  <testcase classname="com.api.tests.BookingAPITests" name="API_007_GetBooking_Valid" time="0.002"/>
  <testcase classname="com.api.tests.BookingAPITests" name="API_007_GetBooking_Valid" time="0.309"/>
  <testcase classname="com.api.tests.BookingAPITests" name="API_008_GetBooking_Invalid" time="0.001"/>
  <testcase classname="com.api.tests.BookingAPITests" name="API_008_GetBooking_Invalid" time="0.271"/>
  <testcase classname="com.api.tests.BookingAPITests" name="API_008_GetBooking_Invalid" time="0.002"/>
  <testcase classname="com.api.tests.BookingAPITests" name="API_009_GetBooking_NonNumeric" time="0.001"/>
  <testcase classname="com.api.tests.BookingAPITests" name="API_009_GetBooking_NonNumeric" time="0.001"/>
  <testcase classname="com.api.tests.BookingAPITests" name="API_009_GetBooking_NonNumeric" time="0.264"/>
</testsuite> <!-- com.api.tests.BookingAPITests -->
